RdKafka\Message::__set_state(array(
   'err' => 0,
   'topic_name' => 'test',
   'timestamp' => 1559284711626,
   'partition' => 0,
   'payload' => 'qkl . 0',
   'len' => 7,
   'key' => 'qkl',
   'offset' => -1001,
   'headers' => NULL,
))
RdKafka\Message::__set_state(array(
   'err' => 0,
   'topic_name' => 'test',
   'timestamp' => 1559284711626,
   'partition' => 0,
   'payload' => 'qkl . 1',
   'len' => 7,
   'key' => 'qkl',
   'offset' => -1000,
   'headers' => NULL,
))
RdKafka\Message::__set_state(array(
   'err' => 0,
   'topic_name' => 'test',
   'timestamp' => 1559284711626,
   'partition' => 0,
   'payload' => 'qkl . 2',
   'len' => 7,
   'key' => 'qkl',
   'offset' => -999,
   'headers' => NULL,
))
RdKafka\Message::__set_state(array(
   'err' => 0,
   'topic_name' => 'test',
   'timestamp' => 1559284711626,
   'partition' => 0,
   'payload' => 'qkl . 3',
   'len' => 7,
   'key' => 'qkl',
   'offset' => -998,
   'headers' => NULL,
))
RdKafka\Message::__set_state(array(
   'err' => 0,
   'topic_name' => 'test',
   'timestamp' => 1559284711626,
   'partition' => 0,
   'payload' => 'qkl . 4',
   'len' => 7,
   'key' => 'qkl',
   'offset' => -997,
   'headers' => NULL,
))
RdKafka\Message::__set_state(array(
   'err' => 0,
   'topic_name' => 'test',
   'timestamp' => 1559284711626,
   'partition' => 0,
   'payload' => 'qkl . 5',
   'len' => 7,
   'key' => 'qkl',
   'offset' => -996,
   'headers' => NULL,
))
RdKafka\Message::__set_state(array(
   'err' => 0,
   'topic_name' => 'test',
   'timestamp' => 1559284711626,
   'partition' => 0,
   'payload' => 'qkl . 6',
   'len' => 7,
   'key' => 'qkl',
   'offset' => -995,
   'headers' => NULL,
))
RdKafka\Message::__set_state(array(
   'err' => 0,
   'topic_name' => 'test',
   'timestamp' => 1559284711626,
   'partition' => 0,
   'payload' => 'qkl . 7',
   'len' => 7,
   'key' => 'qkl',
   'offset' => -994,
   'headers' => NULL,
))
RdKafka\Message::__set_state(array(
   'err' => 0,
   'topic_name' => 'test',
   'timestamp' => 1559284711626,
   'partition' => 0,
   'payload' => 'qkl . 8',
   'len' => 7,
   'key' => 'qkl',
   'offset' => -993,
   'headers' => NULL,
))
RdKafka\Message::__set_state(array(
   'err' => 0,
   'topic_name' => 'test',
   'timestamp' => 1559284711626,
   'partition' => 0,
   'payload' => 'qkl . 9',
   'len' => 7,
   'key' => 'qkl',
   'offset' => -992,
   'headers' => NULL,
))
RdKafka\Message::__set_state(array(
   'err' => 0,
   'topic_name' => 'test',
   'timestamp' => 1559284711626,
   'partition' => 0,
   'payload' => 'qkl . 10',
   'len' => 8,
   'key' => 'qkl',
   'offset' => -991,
   'headers' => NULL,
))
RdKafka\Message::__set_state(array(
   'err' => 0,
   'topic_name' => 'test',
   'timestamp' => 1559284711626,
   'partition' => 0,
   'payload' => 'qkl . 11',
   'len' => 8,
   'key' => 'qkl',
   'offset' => -990,
   'headers' => NULL,
))
RdKafka\Message::__set_state(array(
   'err' => 0,
   'topic_name' => 'test',
   'timestamp' => 1559284711626,
   'partition' => 0,
   'payload' => 'qkl . 12',
   'len' => 8,
   'key' => 'qkl',
   'offset' => -989,
   'headers' => NULL,
))
RdKafka\Message::__set_state(array(
   'err' => 0,
   'topic_name' => 'test',
   'timestamp' => 1559284711626,
   'partition' => 0,
   'payload' => 'qkl . 13',
   'len' => 8,
   'key' => 'qkl',
   'offset' => -988,
   'headers' => NULL,
))
RdKafka\Message::__set_state(array(
   'err' => 0,
   'topic_name' => 'test',
   'timestamp' => 1559284711626,
   'partition' => 0,
   'payload' => 'qkl . 14',
   'len' => 8,
   'key' => 'qkl',
   'offset' => -987,
   'headers' => NULL,
))
RdKafka\Message::__set_state(array(
   'err' => 0,
   'topic_name' => 'test',
   'timestamp' => 1559284711626,
   'partition' => 0,
   'payload' => 'qkl . 15',
   'len' => 8,
   'key' => 'qkl',
   'offset' => -986,
   'headers' => NULL,
))
RdKafka\Message::__set_state(array(
   'err' => 0,
   'topic_name' => 'test',
   'timestamp' => 1559284711626,
   'partition' => 0,
   'payload' => 'qkl . 16',
   'len' => 8,
   'key' => 'qkl',
   'offset' => -985,
   'headers' => NULL,
))
RdKafka\Message::__set_state(array(
   'err' => 0,
   'topic_name' => 'test',
   'timestamp' => 1559284711626,
   'partition' => 0,
   'payload' => 'qkl . 17',
   'len' => 8,
   'key' => 'qkl',
   'offset' => -984,
   'headers' => NULL,
))
RdKafka\Message::__set_state(array(
   'err' => 0,
   'topic_name' => 'test',
   'timestamp' => 1559284711626,
   'partition' => 0,
   'payload' => 'qkl . 18',
   'len' => 8,
   'key' => 'qkl',
   'offset' => -983,
   'headers' => NULL,
))
RdKafka\Message::__set_state(array(
   'err' => 0,
   'topic_name' => 'test',
   'timestamp' => 1559284711626,
   'partition' => 0,
   'payload' => 'qkl . 19',
   'len' => 8,
   'key' => 'qkl',
   'offset' => -982,
   'headers' => NULL,
))
RdKafka\Message::__set_state(array(
   'err' => 0,
   'topic_name' => 'test',
   'timestamp' => 1559284862761,
   'partition' => 0,
   'payload' => 'qkl . 0',
   'len' => 7,
   'key' => 'qkl',
   'offset' => 132,
   'headers' => NULL,
))
RdKafka\Message::__set_state(array(
   'err' => 0,
   'topic_name' => 'test',
   'timestamp' => 1559284862761,
   'partition' => 0,
   'payload' => 'qkl . 1',
   'len' => 7,
   'key' => 'qkl',
   'offset' => 133,
   'headers' => NULL,
))
RdKafka\Message::__set_state(array(
   'err' => 0,
   'topic_name' => 'test',
   'timestamp' => 1559284862761,
   'partition' => 0,
   'payload' => 'qkl . 2',
   'len' => 7,
   'key' => 'qkl',
   'offset' => 134,
   'headers' => NULL,
))
RdKafka\Message::__set_state(array(
   'err' => 0,
   'topic_name' => 'test',
   'timestamp' => 1559284862761,
   'partition' => 0,
   'payload' => 'qkl . 3',
   'len' => 7,
   'key' => 'qkl',
   'offset' => 135,
   'headers' => NULL,
))
RdKafka\Message::__set_state(array(
   'err' => 0,
   'topic_name' => 'test',
   'timestamp' => 1559284862761,
   'partition' => 0,
   'payload' => 'qkl . 4',
   'len' => 7,
   'key' => 'qkl',
   'offset' => 136,
   'headers' => NULL,
))
RdKafka\Message::__set_state(array(
   'err' => 0,
   'topic_name' => 'test',
   'timestamp' => 1559284862761,
   'partition' => 0,
   'payload' => 'qkl . 5',
   'len' => 7,
   'key' => 'qkl',
   'offset' => 137,
   'headers' => NULL,
))
RdKafka\Message::__set_state(array(
   'err' => 0,
   'topic_name' => 'test',
   'timestamp' => 1559284862761,
   'partition' => 0,
   'payload' => 'qkl . 6',
   'len' => 7,
   'key' => 'qkl',
   'offset' => 138,
   'headers' => NULL,
))
RdKafka\Message::__set_state(array(
   'err' => 0,
   'topic_name' => 'test',
   'timestamp' => 1559284862761,
   'partition' => 0,
   'payload' => 'qkl . 7',
   'len' => 7,
   'key' => 'qkl',
   'offset' => 139,
   'headers' => NULL,
))
RdKafka\Message::__set_state(array(
   'err' => 0,
   'topic_name' => 'test',
   'timestamp' => 1559284862761,
   'partition' => 0,
   'payload' => 'qkl . 8',
   'len' => 7,
   'key' => 'qkl',
   'offset' => 140,
   'headers' => NULL,
))
RdKafka\Message::__set_state(array(
   'err' => 0,
   'topic_name' => 'test',
   'timestamp' => 1559284862761,
   'partition' => 0,
   'payload' => 'qkl . 9',
   'len' => 7,
   'key' => 'qkl',
   'offset' => 141,
   'headers' => NULL,
))
RdKafka\Message::__set_state(array(
   'err' => 0,
   'topic_name' => 'test',
   'timestamp' => 1559284862761,
   'partition' => 0,
   'payload' => 'qkl . 10',
   'len' => 8,
   'key' => 'qkl',
   'offset' => 142,
   'headers' => NULL,
))
RdKafka\Message::__set_state(array(
   'err' => 0,
   'topic_name' => 'test',
   'timestamp' => 1559284862761,
   'partition' => 0,
   'payload' => 'qkl . 11',
   'len' => 8,
   'key' => 'qkl',
   'offset' => 143,
   'headers' => NULL,
))
RdKafka\Message::__set_state(array(
   'err' => 0,
   'topic_name' => 'test',
   'timestamp' => 1559284862761,
   'partition' => 0,
   'payload' => 'qkl . 12',
   'len' => 8,
   'key' => 'qkl',
   'offset' => 144,
   'headers' => NULL,
))
RdKafka\Message::__set_state(array(
   'err' => 0,
   'topic_name' => 'test',
   'timestamp' => 1559284862761,
   'partition' => 0,
   'payload' => 'qkl . 13',
   'len' => 8,
   'key' => 'qkl',
   'offset' => 145,
   'headers' => NULL,
))
RdKafka\Message::__set_state(array(
   'err' => 0,
   'topic_name' => 'test',
   'timestamp' => 1559284862761,
   'partition' => 0,
   'payload' => 'qkl . 14',
   'len' => 8,
   'key' => 'qkl',
   'offset' => 146,
   'headers' => NULL,
))
RdKafka\Message::__set_state(array(
   'err' => 0,
   'topic_name' => 'test',
   'timestamp' => 1559284862761,
   'partition' => 0,
   'payload' => 'qkl . 15',
   'len' => 8,
   'key' => 'qkl',
   'offset' => 147,
   'headers' => NULL,
))
RdKafka\Message::__set_state(array(
   'err' => 0,
   'topic_name' => 'test',
   'timestamp' => 1559284862761,
   'partition' => 0,
   'payload' => 'qkl . 16',
   'len' => 8,
   'key' => 'qkl',
   'offset' => 148,
   'headers' => NULL,
))
RdKafka\Message::__set_state(array(
   'err' => 0,
   'topic_name' => 'test',
   'timestamp' => 1559284862761,
   'partition' => 0,
   'payload' => 'qkl . 17',
   'len' => 8,
   'key' => 'qkl',
   'offset' => 149,
   'headers' => NULL,
))
RdKafka\Message::__set_state(array(
   'err' => 0,
   'topic_name' => 'test',
   'timestamp' => 1559284862761,
   'partition' => 0,
   'payload' => 'qkl . 18',
   'len' => 8,
   'key' => 'qkl',
   'offset' => 150,
   'headers' => NULL,
))
RdKafka\Message::__set_state(array(
   'err' => 0,
   'topic_name' => 'test',
   'timestamp' => 1559284862761,
   'partition' => 0,
   'payload' => 'qkl . 19',
   'len' => 8,
   'key' => 'qkl',
   'offset' => 151,
   'headers' => NULL,
))
RdKafka\Message::__set_state(array(
   'err' => 0,
   'topic_name' => 'test',
   'timestamp' => 1559286886490,
   'partition' => 0,
   'payload' => 'qkl . 0',
   'len' => 7,
   'key' => 'qkl',
   'offset' => 152,
   'headers' => NULL,
))
RdKafka\Message::__set_state(array(
   'err' => 0,
   'topic_name' => 'test',
   'timestamp' => 1559286886490,
   'partition' => 0,
   'payload' => 'qkl . 1',
   'len' => 7,
   'key' => 'qkl',
   'offset' => 153,
   'headers' => NULL,
))
RdKafka\Message::__set_state(array(
   'err' => 0,
   'topic_name' => 'test',
   'timestamp' => 1559286886490,
   'partition' => 0,
   'payload' => 'qkl . 2',
   'len' => 7,
   'key' => 'qkl',
   'offset' => 154,
   'headers' => NULL,
))
RdKafka\Message::__set_state(array(
   'err' => 0,
   'topic_name' => 'test',
   'timestamp' => 1559286886490,
   'partition' => 0,
   'payload' => 'qkl . 3',
   'len' => 7,
   'key' => 'qkl',
   'offset' => 155,
   'headers' => NULL,
))
RdKafka\Message::__set_state(array(
   'err' => 0,
   'topic_name' => 'test',
   'timestamp' => 1559286886490,
   'partition' => 0,
   'payload' => 'qkl . 4',
   'len' => 7,
   'key' => 'qkl',
   'offset' => 156,
   'headers' => NULL,
))
RdKafka\Message::__set_state(array(
   'err' => 0,
   'topic_name' => 'test',
   'timestamp' => 1559286886490,
   'partition' => 0,
   'payload' => 'qkl . 5',
   'len' => 7,
   'key' => 'qkl',
   'offset' => 157,
   'headers' => NULL,
))
RdKafka\Message::__set_state(array(
   'err' => 0,
   'topic_name' => 'test',
   'timestamp' => 1559286886490,
   'partition' => 0,
   'payload' => 'qkl . 6',
   'len' => 7,
   'key' => 'qkl',
   'offset' => 158,
   'headers' => NULL,
))
RdKafka\Message::__set_state(array(
   'err' => 0,
   'topic_name' => 'test',
   'timestamp' => 1559286886490,
   'partition' => 0,
   'payload' => 'qkl . 7',
   'len' => 7,
   'key' => 'qkl',
   'offset' => 159,
   'headers' => NULL,
))
RdKafka\Message::__set_state(array(
   'err' => 0,
   'topic_name' => 'test',
   'timestamp' => 1559286886490,
   'partition' => 0,
   'payload' => 'qkl . 8',
   'len' => 7,
   'key' => 'qkl',
   'offset' => 160,
   'headers' => NULL,
))
RdKafka\Message::__set_state(array(
   'err' => 0,
   'topic_name' => 'test',
   'timestamp' => 1559286886490,
   'partition' => 0,
   'payload' => 'qkl . 9',
   'len' => 7,
   'key' => 'qkl',
   'offset' => 161,
   'headers' => NULL,
))
RdKafka\Message::__set_state(array(
   'err' => 0,
   'topic_name' => 'test',
   'timestamp' => 1559286886490,
   'partition' => 0,
   'payload' => 'qkl . 10',
   'len' => 8,
   'key' => 'qkl',
   'offset' => 162,
   'headers' => NULL,
))
RdKafka\Message::__set_state(array(
   'err' => 0,
   'topic_name' => 'test',
   'timestamp' => 1559286886490,
   'partition' => 0,
   'payload' => 'qkl . 11',
   'len' => 8,
   'key' => 'qkl',
   'offset' => 163,
   'headers' => NULL,
))
RdKafka\Message::__set_state(array(
   'err' => 0,
   'topic_name' => 'test',
   'timestamp' => 1559286886490,
   'partition' => 0,
   'payload' => 'qkl . 12',
   'len' => 8,
   'key' => 'qkl',
   'offset' => 164,
   'headers' => NULL,
))
RdKafka\Message::__set_state(array(
   'err' => 0,
   'topic_name' => 'test',
   'timestamp' => 1559286886490,
   'partition' => 0,
   'payload' => 'qkl . 13',
   'len' => 8,
   'key' => 'qkl',
   'offset' => 165,
   'headers' => NULL,
))
RdKafka\Message::__set_state(array(
   'err' => 0,
   'topic_name' => 'test',
   'timestamp' => 1559286886490,
   'partition' => 0,
   'payload' => 'qkl . 14',
   'len' => 8,
   'key' => 'qkl',
   'offset' => 166,
   'headers' => NULL,
))
RdKafka\Message::__set_state(array(
   'err' => 0,
   'topic_name' => 'test',
   'timestamp' => 1559286886490,
   'partition' => 0,
   'payload' => 'qkl . 15',
   'len' => 8,
   'key' => 'qkl',
   'offset' => 167,
   'headers' => NULL,
))
RdKafka\Message::__set_state(array(
   'err' => 0,
   'topic_name' => 'test',
   'timestamp' => 1559286886490,
   'partition' => 0,
   'payload' => 'qkl . 16',
   'len' => 8,
   'key' => 'qkl',
   'offset' => 168,
   'headers' => NULL,
))
RdKafka\Message::__set_state(array(
   'err' => 0,
   'topic_name' => 'test',
   'timestamp' => 1559286886490,
   'partition' => 0,
   'payload' => 'qkl . 17',
   'len' => 8,
   'key' => 'qkl',
   'offset' => 169,
   'headers' => NULL,
))
RdKafka\Message::__set_state(array(
   'err' => 0,
   'topic_name' => 'test',
   'timestamp' => 1559286886490,
   'partition' => 0,
   'payload' => 'qkl . 18',
   'len' => 8,
   'key' => 'qkl',
   'offset' => 170,
   'headers' => NULL,
))
RdKafka\Message::__set_state(array(
   'err' => 0,
   'topic_name' => 'test',
   'timestamp' => 1559286886490,
   'partition' => 0,
   'payload' => 'qkl . 19',
   'len' => 8,
   'key' => 'qkl',
   'offset' => 171,
   'headers' => NULL,
))
